<?xml version="1.0" encoding="UTF-8"?>
<testsuite xmlns:xsi="http://www.w3.org/2001/XMLSchema-instance" xsi:noNamespaceSchemaLocation="https://maven.apache.org/surefire/maven-surefire-plugin/xsd/surefire-test-report.xsd" name="com.interpreter.lox.BaseTests" time="0.321" tests="1" errors="0" skipped="0" failures="1">
  <properties>
[...]
</properties>
  <testcase name="testMultipleInherit{String[]}[1]" classname="com.interpreter.lox.BaseTests" time="0.186">
    <failure message="&#10;Expected: a string matching the pattern &apos;Cooked perch$|Cooked halibut$|Cooked boot$&apos;&#10;     but: was &quot;&quot;" type="java.lang.AssertionError">java.lang.AssertionError: 

Expected: a string matching the pattern 'Cooked perch$|Cooked halibut$|Cooked boot$'
     but: was ""
	at com.interpreter.lox.BaseTests.testMultipleInherit(BaseTests.java:61)
</failure>
  </testcase>
</testsuite>